<?xml version="1.0" encoding="UTF-8"?>
<!-- Generated by org.testng.reporters.JUnitReportReporter -->
<testsuite skipped="0" hostname="DESKTOP-7EJ4QKC" name="factoryInTestNG.DataProviderTestNG" tests="12" failures="0" timestamp="2020-09-19T13:41:53 IST" time="0.064" errors="0">
  <testcase name="withIteratorAndArray" time="0.003" classname="factoryInTestNG.DataProviderTestNG"/>
  <system-out/>
  <testcase name="withObjectArray" time="0.002" classname="factoryInTestNG.DataProviderTestNG"/>
  <system-out/>
  <testcase name="withObjectArray" time="0.009" classname="factoryInTestNG.DataProviderTestNG"/>
  <system-out/>
  <testcase name="withObjectArray" time="0.012" classname="factoryInTestNG.DataProviderTestNG"/>
  <system-out/>
  <testcase name="testArrayListConverToInterger" time="0.002" classname="factoryInTestNG.DataProviderTestNG"/>
  <system-out/>
  <testcase name="testArrayListConverToInterger" time="0.002" classname="factoryInTestNG.DataProviderTestNG"/>
  <system-out/>
  <testcase name="withIteratorAndArray" time="0.004" classname="factoryInTestNG.DataProviderTestNG"/>
  <system-out/>
  <testcase name="withIteratorAndArray" time="0.003" classname="factoryInTestNG.DataProviderTestNG"/>
  <system-out/>
  <testcase name="testArrayListConverToInterger" time="0.012" classname="factoryInTestNG.DataProviderTestNG"/>
  <system-out/>
  <testcase name="testArrayListConverToInterger" time="0.005" classname="factoryInTestNG.DataProviderTestNG"/>
  <system-out/>
  <testcase name="withIteratorAndArray" time="0.003" classname="factoryInTestNG.DataProviderTestNG"/>
  <system-out/>
  <testcase name="withObjectArray" time="0.007" classname="factoryInTestNG.DataProviderTestNG"/>
  <system-out/>
</testsuite> <!-- factoryInTestNG.DataProviderTestNG -->
