<?xml version="1.0" encoding="UTF-8"?>
<!-- Generated by org.testng.reporters.JUnitReportReporter -->
<testsuite skipped="1" hostname="DESKTOP-7EJ4QKC" name="listenerDemo.BaseClass" tests="3" failures="0" timestamp="2020-09-23T22:29:23 IST" time="0.018" errors="0">
  <testcase name="testCase2" time="0.018" classname="listenerDemo.BaseClass"/>
  <system-out>
Testin execution start in OnTestStart method in Listerner class  </system-out>
  <testcase name="testCase4" time="0.000" classname="listenerDemo.BaseClass"/>
  <system-out>
Testin execution start in OnTestStart method in Listerner class  </system-out>
  <testcase name="testCase1" classname="listenerDemo.BaseClass">
    <skipped/>
  </testcase> <!-- testCase1 -->
  <system-out/>
</testsuite> <!-- listenerDemo.BaseClass -->
