<?xml version="1.0" encoding="UTF-8"?>
<!-- Generated by org.testng.reporters.JUnitReportReporter -->
<testsuite skipped="0" hostname="DESKTOP-7EJ4QKC" name="factoryInTestNG.InvocationCount" tests="1" failures="0" timestamp="2020-10-04T11:07:02 IST" time="0.018" errors="0">
  <testcase name="name" time="0.018" classname="factoryInTestNG.InvocationCount"/>
  <system-out/>
</testsuite> <!-- factoryInTestNG.InvocationCount -->
