<?xml version="1.0" encoding="UTF-8"?>
<!-- Generated by org.testng.reporters.JUnitReportReporter -->
<testsuite skipped="0" hostname="DESKTOP-7EJ4QKC" name="testNG.dataProvider" tests="4" failures="0" timestamp="2020-09-17T22:11:26 IST" time="0.013" errors="0">
  <testcase name="verifyData11" time="0.002" classname="testNG.dataProvider"/>
  <system-out/>
  <testcase name="verifyData11" time="0.002" classname="testNG.dataProvider"/>
  <system-out/>
  <testcase name="verifyData11" time="0.001" classname="testNG.dataProvider"/>
  <system-out/>
  <testcase name="verifyData1" time="0.008" classname="testNG.dataProvider"/>
  <system-out/>
</testsuite> <!-- testNG.dataProvider -->
