<?xml version="1.0" encoding="UTF-8"?>
<!-- Generated by org.testng.reporters.JUnitReportReporter -->
<testsuite skipped="0" hostname="DESKTOP-7EJ4QKC" name="genesys.ExcelReader" tests="1" failures="0" timestamp="2020-10-17T20:13:57 IST" time="0.703" errors="0">
  <testcase name="excel" time="0.703" classname="genesys.ExcelReader"/>
  <system-out/>
</testsuite> <!-- genesys.ExcelReader -->
