<?xml version="1.0" encoding="UTF-8"?>
<!-- Generated by org.testng.reporters.JUnitReportReporter -->
<testsuite skipped="0" hostname="DESKTOP-7EJ4QKC" name="testNG.dataProvider" tests="4" failures="0" timestamp="2021-01-08T00:04:29 IST" time="0.004" errors="0">
  <testcase name="verifyData11" time="0.000" classname="testNG.dataProvider"/>
  <system-out/>
  <testcase name="verifyData1" time="0.000" classname="testNG.dataProvider"/>
  <system-out/>
  <testcase name="verifyData11" time="0.002" classname="testNG.dataProvider"/>
  <system-out/>
  <testcase name="verifyData11" time="0.002" classname="testNG.dataProvider"/>
  <system-out/>
</testsuite> <!-- testNG.dataProvider -->
