<?xml version="1.0" encoding="UTF-8"?>
<!-- Generated by org.testng.reporters.JUnitReportReporter -->
<testsuite skipped="1" hostname="DESKTOP-7EJ4QKC" name="factoryInTestNG.BaseClass" tests="3" failures="0" timestamp="2020-09-18T16:38:29 IST" time="0.014" errors="0">
  <testcase name="testCase2" time="0.011" classname="factoryInTestNG.BaseClass"/>
  <system-out/>
  <testcase name="testCase4" time="0.003" classname="factoryInTestNG.BaseClass"/>
  <system-out/>
  <testcase name="testCase1" classname="factoryInTestNG.BaseClass">
    <skipped/>
  </testcase> <!-- testCase1 -->
  <system-out/>
</testsuite> <!-- factoryInTestNG.BaseClass -->
