<?xml version="1.0" encoding="UTF-8"?>
<!-- Generated by org.testng.reporters.JUnitReportReporter -->
<testsuite skipped="0" hostname="DESKTOP-7EJ4QKC" name="selenium4.Selenium4Demo" tests="1" failures="0" timestamp="2020-09-18T17:47:08 IST" time="8.399" errors="0">
  <testcase name="name" time="8.399" classname="selenium4.Selenium4Demo"/>
  <system-out/>
</testsuite> <!-- selenium4.Selenium4Demo -->
