<?xml version="1.0" encoding="UTF-8"?>
<!-- Generated by org.testng.reporters.JUnitReportReporter -->
<testsuite skipped="0" hostname="DESKTOP-7EJ4QKC" name="factoryInTestNG.OrderOfAnnotations" tests="2" failures="0" timestamp="2020-09-18T10:01:32 IST" time="0.008" errors="0">
  <testcase name="Test2" time="0.000" classname="factoryInTestNG.OrderOfAnnotations"/>
  <system-out/>
  <testcase name="Test1" time="0.008" classname="factoryInTestNG.OrderOfAnnotations"/>
  <system-out/>
</testsuite> <!-- factoryInTestNG.OrderOfAnnotations -->
