<?xml version="1.0" encoding="UTF-8"?>
<!-- Generated by org.testng.reporters.JUnitReportReporter -->
<testsuite skipped="0" hostname="DESKTOP-7EJ4QKC" name="windows.TestWin1" tests="1" failures="0" timestamp="2020-10-16T14:44:06 IST" time="14.341" errors="0">
  <testcase name="MultWin" time="14.341" classname="windows.TestWin1"/>
  <system-out/>
</testsuite> <!-- windows.TestWin1 -->
