<?xml version="1.0" encoding="UTF-8"?>
<!-- Generated by org.testng.reporters.JUnitReportReporter -->
<testsuite skipped="0" hostname="DESKTOP-7EJ4QKC" name="factoryInTestNG.OrderOfAnnotations" tests="2" failures="0" timestamp="2020-12-26T14:06:01 IST" time="0.017" errors="0">
  <testcase name="Test2" time="0.006" classname="factoryInTestNG.OrderOfAnnotations"/>
  <system-out/>
  <testcase name="Test1" time="0.011" classname="factoryInTestNG.OrderOfAnnotations"/>
  <system-out/>
</testsuite> <!-- factoryInTestNG.OrderOfAnnotations -->
