<?xml version="1.0" encoding="UTF-8"?>
<!-- Generated by org.testng.reporters.JUnitReportReporter -->
<testsuite skipped="0" hostname="DESKTOP-7EJ4QKC" name="excelreader.ExcelReader" tests="1" failures="0" timestamp="2020-11-05T00:27:15 IST" time="0.783" errors="0">
  <testcase name="excel" time="0.783" classname="excelreader.ExcelReader"/>
  <system-out/>
</testsuite> <!-- excelreader.ExcelReader -->
