<?xml version="1.0" encoding="UTF-8"?>
<!-- Generated by org.testng.reporters.JUnitReportReporter -->
<testsuite skipped="0" hostname="DESKTOP-7EJ4QKC" name="testNG.PassingMethod" tests="2" failures="0" timestamp="2020-10-04T11:08:45 IST" time="0.009" errors="0">
  <testcase name="test3" time="0.008" classname="testNG.PassingMethod"/>
  <system-out/>
  <testcase name="test4" time="0.001" classname="testNG.PassingMethod"/>
  <system-out/>
</testsuite> <!-- testNG.PassingMethod -->
