<?xml version="1.0" encoding="UTF-8"?>
<!-- Generated by org.testng.reporters.JUnitReportReporter -->
<testsuite skipped="0" hostname="DESKTOP-7EJ4QKC" name="excelreader.GenessysExcelReader" tests="1" failures="0" timestamp="2020-12-05T11:28:47 IST" time="0.791" errors="0">
  <testcase name="excel" time="0.791" classname="excelreader.GenessysExcelReader"/>
  <system-out/>
</testsuite> <!-- excelreader.GenessysExcelReader -->
